<?xml version="1.0" encoding="UTF-8"?>
<testsuite name="app.masterwork.believable.magic.SpellDefinitionsTest" tests="3" skipped="0" failures="0" errors="0" timestamp="2026-01-10T10:01:02" hostname="GOAT_OS" time="0.464">
  <properties/>
  <testcase name="getBySchoolIdReturnsSpells()" classname="app.masterwork.believable.magic.SpellDefinitionsTest" time="0.462"/>
  <testcase name="nullSubsectionReturnsSchoolList()" classname="app.masterwork.believable.magic.SpellDefinitionsTest" time="0.001"/>
  <testcase name="getBySchoolAndSubsectionFilters()" classname="app.masterwork.believable.magic.SpellDefinitionsTest" time="0.001"/>
  <system-out><![CDATA[WARN StatusConsoleListener Advanced terminal features are not available in this environment
]]></system-out>
  <system-err><![CDATA[]]></system-err>
</testsuite>
